<?xml version="1.0" encoding="UTF-8"?>
<!-- Generated by org.testng.reporters.JUnitReportReporter -->
<testsuite skipped="0" hostname="JP" name="com.example.NewTest" tests="1" failures="0" timestamp="2022-10-18T16:43:12 IST" time="77.163" errors="0">
  <testcase name="Execution" time="77.163" classname="com.example.NewTest"/>
  <system-out/>
</testsuite> <!-- com.example.NewTest -->
