<?xml version="1.0" encoding="UTF-8"?>
<!-- Generated by org.testng.reporters.JUnitReportReporter -->
<testsuite skipped="0" hostname="JP" name="com.example.Inheritance" tests="2" failures="0" timestamp="2022-10-13T11:05:29 IST" time="0.018" errors="0">
  <testcase name="f" time="0.002" classname="com.example.Inheritance"/>
  <system-out/>
  <testcase name="openBrowser" time="0.016" classname="com.example.Inheritance"/>
  <system-out/>
</testsuite> <!-- com.example.Inheritance -->
