<?xml version="1.0" encoding="UTF-8"?>
<!-- Generated by org.testng.reporters.JUnitReportReporter -->
<testsuite skipped="0" hostname="JP" name="com.example.NewTest" tests="4" failures="0" timestamp="2022-10-21T00:05:13 IST" time="38.219" errors="0">
  <testcase name="Test3" time="9.189" classname="com.example.NewTest"/>
  <system-out/>
  <testcase name="Test2" time="17.729" classname="com.example.NewTest"/>
  <system-out/>
  <testcase name="Test1" time="11.299" classname="com.example.NewTest"/>
  <system-out/>
  <testcase name="f" time="0.002" classname="com.example.NewTest"/>
  <system-out/>
</testsuite> <!-- com.example.NewTest -->
